<?xml version="1.0" encoding="UTF-8"?>
<!-- Generated by org.testng.reporters.JUnitReportReporter -->
<testsuite hostname="YashMore26" failures="0" tests="1" name="Demo2.Demo2.Session26_TestNG" time="2.550" errors="0" timestamp="2025-05-29T04:21:55 IST" skipped="0">
  <testcase classname="Demo2.Demo2.Session26_TestNG" name="verifypageTitle" time="2.550"/>
</testsuite> <!-- Demo2.Demo2.Session26_TestNG -->
