<?xml version="1.0" encoding="UTF-8"?>
<!-- Generated by org.testng.reporters.JUnitReportReporter -->
<testsuite hostname="YashMore26" failures="0" tests="1" name="Demo2.Demo2.NewTest" time="3.544" errors="0" timestamp="2025-05-29T11:54:19 IST" skipped="0">
  <testcase classname="Demo2.Demo2.NewTest" name="f" time="3.544"/>
</testsuite> <!-- Demo2.Demo2.NewTest -->
